<?xml version="1.0" encoding="UTF-8"?>
<testng-results ignored="0" total="3" passed="3" failed="0" skipped="0">
  <reporter-output>
  </reporter-output>
  <suite started-at="2023-10-03T19:09:06 IST" name="Suite" finished-at="2023-10-03T19:09:50 IST" duration-ms="44192">
    <groups>
      <group name="cucumber">
        <method signature="AbstractTestNGCucumberTests.runScenario(io.cucumber.testng.PickleWrapper,io.cucumber.testng.FeatureWrapper)[pri:0, instance:Runner.ninjaRunner@34123d65]" name="runScenario" class="io.cucumber.testng.AbstractTestNGCucumberTests"/>
      </group> <!-- cucumber -->
    </groups>
    <test started-at="2023-10-03T19:09:06 IST" name="Test" finished-at="2023-10-03T19:09:50 IST" duration-ms="44192">
      <class name="Runner.ninjaRunner">
        <test-method is-config="true" signature="setUpClass(org.testng.ITestContext)[pri:0, instance:Runner.ninjaRunner@34123d65]" started-at="2023-10-03T19:09:06 IST" name="setUpClass" finished-at="2023-10-03T19:09:06 IST" duration-ms="205" status="PASS">
          <params>
            <param index="0">
              <value>
                <![CDATA[org.testng.TestRunner@58f254b1]]>
              </value>
            </param>
          </params>
          <reporter-output>
          </reporter-output>
        </test-method> <!-- setUpClass -->
        <test-method signature="runScenario(io.cucumber.testng.PickleWrapper,io.cucumber.testng.FeatureWrapper)[pri:0, instance:Runner.ninjaRunner@34123d65]" started-at="2023-10-03T19:09:06 IST" name="runScenario" description="Runs Cucumber Scenarios" data-provider="scenarios" finished-at="2023-10-03T19:09:25 IST" duration-ms="19014" status="PASS">
          <params>
            <param index="0">
              <value>
                <![CDATA["User should only be able to login with valid credential"]]>
              </value>
            </param>
            <param index="1">
              <value>
                <![CDATA["TutorialsNinja Application Login"]]>
              </value>
            </param>
          </params>
          <reporter-output>
          </reporter-output>
        </test-method> <!-- runScenario -->
        <test-method signature="runScenario(io.cucumber.testng.PickleWrapper,io.cucumber.testng.FeatureWrapper)[pri:0, instance:Runner.ninjaRunner@34123d65]" started-at="2023-10-03T19:09:25 IST" name="runScenario" description="Runs Cucumber Scenarios" data-provider="scenarios" finished-at="2023-10-03T19:09:32 IST" duration-ms="7330" status="PASS">
          <params>
            <param index="0">
              <value>
                <![CDATA["User should only be able to login with valid credential"]]>
              </value>
            </param>
            <param index="1">
              <value>
                <![CDATA["TutorialsNinja Application Login"]]>
              </value>
            </param>
          </params>
          <reporter-output>
          </reporter-output>
        </test-method> <!-- runScenario -->
        <test-method signature="runScenario(io.cucumber.testng.PickleWrapper,io.cucumber.testng.FeatureWrapper)[pri:0, instance:Runner.ninjaRunner@34123d65]" started-at="2023-10-03T19:09:32 IST" name="runScenario" description="Runs Cucumber Scenarios" data-provider="scenarios" finished-at="2023-10-03T19:09:50 IST" duration-ms="17591" status="PASS">
          <params>
            <param index="0">
              <value>
                <![CDATA["Verifying user registration"]]>
              </value>
            </param>
            <param index="1">
              <value>
                <![CDATA["Tutorials Ninja Registration Tests"]]>
              </value>
            </param>
          </params>
          <reporter-output>
          </reporter-output>
        </test-method> <!-- runScenario -->
        <test-method is-config="true" signature="tearDownClass()[pri:0, instance:Runner.ninjaRunner@34123d65]" started-at="2023-10-03T19:09:50 IST" name="tearDownClass" finished-at="2023-10-03T19:09:50 IST" duration-ms="0" status="PASS">
          <reporter-output>
          </reporter-output>
        </test-method> <!-- tearDownClass -->
      </class> <!-- Runner.ninjaRunner -->
    </test> <!-- Test -->
  </suite> <!-- Suite -->
</testng-results>
