<?xml version="1.0" encoding="UTF-8"?>
<testng-results ignored="0" total="4" passed="3" failed="1" skipped="0">
  <reporter-output>
  </reporter-output>
  <suite started-at="2023-10-03T19:00:49 IST" name="Suite" finished-at="2023-10-03T19:01:09 IST" duration-ms="20690">
    <groups>
    </groups>
    <test started-at="2023-10-03T19:00:49 IST" name="TwoTest" finished-at="2023-10-03T19:00:56 IST" duration-ms="6866">
      <class name="testCases.TwoTest">
        <test-method signature="testtwo()[pri:0, instance:testCases.TwoTest@50f6ac94]" started-at="2023-10-03T19:00:49 IST" name="testtwo" finished-at="2023-10-03T19:00:55 IST" duration-ms="6429" status="FAIL">
          <exception class="java.lang.AssertionError">
            <message>
              <![CDATA[expected [true] but found [false]]]>
            </message>
            <full-stacktrace>
              <![CDATA[java.lang.AssertionError: expected [true] but found [false]
at org.testng.Assert.fail(Assert.java:111)
at org.testng.Assert.failNotEquals(Assert.java:1578)
at org.testng.Assert.assertTrue(Assert.java:57)
at org.testng.Assert.assertTrue(Assert.java:67)
at testCases.TwoTest.testtwo(TwoTest.java:23)
at java.base/jdk.internal.reflect.DirectMethodHandleAccessor.invoke(DirectMethodHandleAccessor.java:104)
at java.base/java.lang.reflect.Method.invoke(Method.java:578)
at org.testng.internal.invokers.MethodInvocationHelper.invokeMethod(MethodInvocationHelper.java:139)
at org.testng.internal.invokers.TestInvoker.invokeMethod(TestInvoker.java:664)
at org.testng.internal.invokers.TestInvoker.invokeTestMethod(TestInvoker.java:227)
at org.testng.internal.invokers.MethodRunner.runInSequence(MethodRunner.java:50)
at org.testng.internal.invokers.TestInvoker$MethodInvocationAgent.invoke(TestInvoker.java:957)
at org.testng.internal.invokers.TestInvoker.invokeTestMethods(TestInvoker.java:200)
at org.testng.internal.invokers.TestMethodWorker.invokeTestMethods(TestMethodWorker.java:148)
at org.testng.internal.invokers.TestMethodWorker.run(TestMethodWorker.java:128)
at java.base/java.util.ArrayList.forEach(ArrayList.java:1511)
at org.testng.TestRunner.privateRun(TestRunner.java:848)
at org.testng.TestRunner.run(TestRunner.java:621)
at org.testng.SuiteRunner.runTest(SuiteRunner.java:443)
at org.testng.SuiteRunner$SuiteWorker.run(SuiteRunner.java:481)
at org.testng.internal.thread.ThreadUtil.lambda$execute$0(ThreadUtil.java:58)
at java.base/java.util.concurrent.FutureTask.run(FutureTask.java:317)
at java.base/java.util.concurrent.ThreadPoolExecutor.runWorker(ThreadPoolExecutor.java:1144)
at java.base/java.util.concurrent.ThreadPoolExecutor$Worker.run(ThreadPoolExecutor.java:642)
at java.base/java.lang.Thread.run(Thread.java:1623)
]]>
            </full-stacktrace>
          </exception> <!-- java.lang.AssertionError -->
          <reporter-output>
          </reporter-output>
        </test-method> <!-- testtwo -->
        <test-method is-config="true" signature="closure()[pri:0, instance:testCases.TwoTest@50f6ac94]" started-at="2023-10-03T19:00:55 IST" name="closure" finished-at="2023-10-03T19:00:56 IST" duration-ms="229" status="PASS">
          <reporter-output>
          </reporter-output>
        </test-method> <!-- closure -->
      </class> <!-- testCases.TwoTest -->
    </test> <!-- TwoTest -->
    <test started-at="2023-10-03T19:00:49 IST" name="NinjaRegisterTest" finished-at="2023-10-03T19:01:08 IST" duration-ms="19047">
      <class name="testCases.NinjaRegisterTest">
        <test-method is-config="true" signature="SetUp()[pri:0, instance:testCases.NinjaRegisterTest@6dd7b5a3]" started-at="2023-10-03T19:00:49 IST" name="SetUp" finished-at="2023-10-03T19:00:54 IST" duration-ms="5654" status="PASS">
          <reporter-output>
          </reporter-output>
        </test-method> <!-- SetUp -->
        <test-method signature="RegisterTestCases(java.lang.String,java.lang.String,java.lang.String,java.lang.String,java.lang.String,java.lang.String,java.lang.String)[pri:0, instance:testCases.NinjaRegisterTest@6dd7b5a3]" started-at="2023-10-03T19:00:54 IST" name="RegisterTestCases" data-provider="RegisterData" finished-at="2023-10-03T19:01:08 IST" duration-ms="13234" status="PASS">
          <params>
            <param index="0">
              <value>
                <![CDATA[Deepak]]>
              </value>
            </param>
            <param index="1">
              <value>
                <![CDATA[Pandey]]>
              </value>
            </param>
            <param index="2">
              <value>
                <![CDATA[Saydeep@gmail.com]]>
              </value>
            </param>
            <param index="3">
              <value>
                <![CDATA[4568791560]]>
              </value>
            </param>
            <param index="4">
              <value>
                <![CDATA[12345]]>
              </value>
            </param>
            <param index="5">
              <value>
                <![CDATA[12345]]>
              </value>
            </param>
            <param index="6">
              <value>
                <![CDATA[Account Registered Successfully!]]>
              </value>
            </param>
          </params>
          <reporter-output>
          </reporter-output>
        </test-method> <!-- RegisterTestCases -->
        <test-method is-config="true" signature="CloseTab()[pri:0, instance:testCases.NinjaRegisterTest@6dd7b5a3]" started-at="2023-10-03T19:01:08 IST" name="CloseTab" finished-at="2023-10-03T19:01:08 IST" duration-ms="130" status="PASS">
          <reporter-output>
          </reporter-output>
        </test-method> <!-- CloseTab -->
      </class> <!-- testCases.NinjaRegisterTest -->
    </test> <!-- NinjaRegisterTest -->
    <test started-at="2023-10-03T19:00:49 IST" name="NinjaLoginTest" finished-at="2023-10-03T19:01:09 IST" duration-ms="20690">
      <class name="testCases.NinjaLoginTest">
        <test-method is-config="true" signature="SetUp()[pri:0, instance:testCases.NinjaLoginTest@26adfd2d]" started-at="2023-10-03T19:00:49 IST" name="SetUp" finished-at="2023-10-03T19:00:54 IST" duration-ms="5657" status="PASS">
          <reporter-output>
          </reporter-output>
        </test-method> <!-- SetUp -->
        <test-method signature="LoginTestCases(java.lang.String,java.lang.String,java.lang.String)[pri:0, instance:testCases.NinjaLoginTest@26adfd2d]" started-at="2023-10-03T19:00:54 IST" name="LoginTestCases" data-provider="LoginData" finished-at="2023-10-03T19:01:06 IST" duration-ms="11283" status="PASS">
          <params>
            <param index="0">
              <value>
                <![CDATA[priti13234@gmail.com]]>
              </value>
            </param>
            <param index="1">
              <value>
                <![CDATA[@first123]]>
              </value>
            </param>
            <param index="2">
              <value>
                <![CDATA[Failure]]>
              </value>
            </param>
          </params>
          <reporter-output>
          </reporter-output>
        </test-method> <!-- LoginTestCases -->
        <test-method is-config="true" signature="CloseTab()[pri:0, instance:testCases.NinjaLoginTest@26adfd2d]" started-at="2023-10-03T19:01:06 IST" name="CloseTab" finished-at="2023-10-03T19:01:06 IST" duration-ms="131" status="PASS">
          <reporter-output>
          </reporter-output>
        </test-method> <!-- CloseTab -->
        <test-method is-config="true" signature="SetUp()[pri:0, instance:testCases.NinjaLoginTest@26adfd2d]" started-at="2023-10-03T19:01:06 IST" name="SetUp" finished-at="2023-10-03T19:01:08 IST" duration-ms="2410" status="PASS">
          <reporter-output>
          </reporter-output>
        </test-method> <!-- SetUp -->
        <test-method signature="LoginTestCases(java.lang.String,java.lang.String,java.lang.String)[pri:0, instance:testCases.NinjaLoginTest@26adfd2d]" started-at="2023-10-03T19:01:08 IST" name="LoginTestCases" data-provider="LoginData" finished-at="2023-10-03T19:01:09 IST" duration-ms="1068" status="PASS">
          <params>
            <param index="0">
              <value>
                <![CDATA[babysitting@gmail.com]]>
              </value>
            </param>
            <param index="1">
              <value>
                <![CDATA[12345]]>
              </value>
            </param>
            <param index="2">
              <value>
                <![CDATA[Successfull]]>
              </value>
            </param>
          </params>
          <reporter-output>
          </reporter-output>
        </test-method> <!-- LoginTestCases -->
        <test-method is-config="true" signature="CloseTab()[pri:0, instance:testCases.NinjaLoginTest@26adfd2d]" started-at="2023-10-03T19:01:09 IST" name="CloseTab" finished-at="2023-10-03T19:01:09 IST" duration-ms="111" status="PASS">
          <reporter-output>
          </reporter-output>
        </test-method> <!-- CloseTab -->
      </class> <!-- testCases.NinjaLoginTest -->
    </test> <!-- NinjaLoginTest -->
  </suite> <!-- Suite -->
</testng-results>
